2026-03-21T12:06:43.689-04:00  INFO 12403 --- [web] [http-nio-8081-exec-1] w.p.s.p.FiveStrategicMarketingPageSlide  :  cell data 7. What are your:
2026-03-21T12:06:43.706-04:00  INFO 12403 --- [web] [http-nio-8081-exec-1] w.p.s.p.FiveStrategicMarketingPageSlide  : raw Text 7. What are your:
2026-03-21T12:06:43.706-04:00  INFO 12403 --- [web] [http-nio-8081-exec-1] w.p.s.p.FiveStrategicMarketingPageSlide  :  cell data Poorest performing months
2026-03-21T12:06:43.706-04:00  INFO 12403 --- [web] [http-nio-8081-exec-1] w.p.s.p.FiveStrategicMarketingPageSlide  : raw Text Poorest performing months
2026-03-21T12:06:43.707-04:00  INFO 12403 --- [web] [http-nio-8081-exec-1] w.p.s.p.FiveStrategicMarketingPageSlide  :  cell data Best performing months
2026-03-21T12:06:43.707-04:00  INFO 12403 --- [web] [http-nio-8081-exec-1] w.p.s.p.FiveStrategicMarketingPageSlide  : raw Text Best performing months
2026-03-21T12:06:43.707-04:00  INFO 12403 --- [web] [http-nio-8081-exec-1] w.p.s.p.FiveStrategicMarketingPageSlide  :  cell data Best performing days
2026-03-21T12:06:43.708-04:00  INFO 12403 --- [web] [http-nio-8081-exec-1] w.p.s.p.FiveStrategicMarketingPageSlide  : raw Text Best performing days
2026-03-21T12:06:43.708-04:00  INFO 12403 --- [web] [http-nio-8081-exec-1] w.p.s.p.FiveStrategicMarketingPageSlide  :  cell data 
2026-03-21T12:06:43.709-04:00  INFO 12403 --- [web] [http-nio-8081-exec-1] w.p.s.p.FiveStrategicMarketingPageSlide  :  cell data poorestMonths
2026-03-21T12:06:43.709-04:00  INFO 12403 --- [web] [http-nio-8081-exec-1] w.p.s.p.FiveStrategicMarketingPageSlide  : raw Text poorestMonths
2026-03-21T12:06:43.711-04:00  INFO 12403 --- [web] [http-nio-8081-exec-1] w.p.s.p.FiveStrategicMarketingPageSlide  :  cell data bestMonths
2026-03-21T12:06:43.711-04:00  INFO 12403 --- [web] [http-nio-8081-exec-1] w.p.s.p.FiveStrategicMarketingPageSlide  : raw Text bestMonths
2026-03-21T12:06:43.711-04:00  INFO 12403 --- [web] [http-nio-8081-exec-1] w.p.s.p.FiveStrategicMarketingPageSlide  :  cell data bestDays
2026-03-21T12:06:43.711-04:00  INFO 12403 --- [web] [http-nio-8081-exec-1] w.p.s.p.FiveStrategicMarketingPageSlide  : raw Text bestDays
2026-03-21T12:06:43.712-04:00  INFO 12403 --- [web] [http-nio-8081-exec-1] w.p.s.p.FiveStrategicMarketingPageSlide  : END populateSlide 
2026-03-21T12:06:43.728-04:00  INFO 12403 --- [web] [http-nio-8081-exec-1] w.p.s.p.SixTargetMarketingSlide          :  cell data 
2026-03-21T12:06:43.729-04:00  INFO 12403 --- [web] [http-nio-8081-exec-1] w.p.s.p.SixTargetMarketingSlide          :  cell data 
2026-03-21T12:06:43.730-04:00  INFO 12403 --- [web] [http-nio-8081-exec-1] w.p.s.p.SixTargetMarketingSlide          :  cell data Target 85%
2026-03-21T12:06:43.731-04:00  INFO 12403 --- [web] [http-nio-8081-exec-1] w.p.s.p.SixTargetMarketingSlide          : raw Text Target 85%
2026-03-21T12:06:43.731-04:00  INFO 12403 --- [web] [http-nio-8081-exec-1] w.p.s.p.SixTargetMarketingSlide          :  cell data 
2026-03-21T12:06:43.732-04:00  INFO 12403 --- [web] [http-nio-8081-exec-1] w.p.s.p.SixTargetMarketingSlide          :  cell data 
2026-03-21T12:06:43.732-04:00  INFO 12403 --- [web] [http-nio-8081-exec-1] w.p.s.p.SixTargetMarketingSlide          :  cell data 
2026-03-21T12:06:43.733-04:00  INFO 12403 --- [web] [http-nio-8081-exec-1] w.p.s.p.SixTargetMarketingSlide          :  cell data 12-18
2026-03-21T12:06:43.733-04:00  INFO 12403 --- [web] [http-nio-8081-exec-1] w.p.s.p.SixTargetMarketingSlide          : raw Text 12-18
2026-03-21T12:06:43.734-04:00  INFO 12403 --- [web] [http-nio-8081-exec-1] w.p.s.p.SixTargetMarketingSlide          :  cell data 19-25
2026-03-21T12:06:43.734-04:00  INFO 12403 --- [web] [http-nio-8081-exec-1] w.p.s.p.SixTargetMarketingSlide          : raw Text 19-25
2026-03-21T12:06:43.735-04:00  INFO 12403 --- [web] [http-nio-8081-exec-1] w.p.s.p.SixTargetMarketingSlide          :  cell data 26-35
2026-03-21T12:06:43.735-04:00  INFO 12403 --- [web] [http-nio-8081-exec-1] w.p.s.p.SixTargetMarketingSlide          : raw Text 26-35
2026-03-21T12:06:43.735-04:00  INFO 12403 --- [web] [http-nio-8081-exec-1] w.p.s.p.SixTargetMarketingSlide          :  cell data 36-45
2026-03-21T12:06:43.735-04:00  INFO 12403 --- [web] [http-nio-8081-exec-1] w.p.s.p.SixTargetMarketingSlide          : raw Text 36-45
2026-03-21T12:06:43.736-04:00  INFO 12403 --- [web] [http-nio-8081-exec-1] w.p.s.p.SixTargetMarketingSlide          :  cell data 46-55
2026-03-21T12:06:43.737-04:00  INFO 12403 --- [web] [http-nio-8081-exec-1] w.p.s.p.SixTargetMarketingSlide          : raw Text 46-55
2026-03-21T12:06:43.738-04:00  INFO 12403 --- [web] [http-nio-8081-exec-1] w.p.s.p.SixTargetMarketingSlide          :  cell data 56+
2026-03-21T12:06:43.738-04:00  INFO 12403 --- [web] [http-nio-8081-exec-1] w.p.s.p.SixTargetMarketingSlide          : raw Text 56+
2026-03-21T12:06:43.738-04:00  INFO 12403 --- [web] [http-nio-8081-exec-1] w.p.s.p.SixTargetMarketingSlide          :  cell data have12to18
2026-03-21T12:06:43.738-04:00  INFO 12403 --- [web] [http-nio-8081-exec-1] w.p.s.p.SixTargetMarketingSlide          : raw Text have12to18
2026-03-21T12:06:43.738-04:00  INFO 12403 --- [web] [http-nio-8081-exec-1] w.p.s.p.SixTargetMarketingSlide          :  cell data have19to25
2026-03-21T12:06:43.739-04:00  INFO 12403 --- [web] [http-nio-8081-exec-1] w.p.s.p.SixTargetMarketingSlide          : raw Text have19to25
2026-03-21T12:06:43.739-04:00  INFO 12403 --- [web] [http-nio-8081-exec-1] w.p.s.p.SixTargetMarketingSlide          :  cell data have26to35
2026-03-21T12:06:43.739-04:00  INFO 12403 --- [web] [http-nio-8081-exec-1] w.p.s.p.SixTargetMarketingSlide          : raw Text have26to35
2026-03-21T12:06:43.739-04:00  INFO 12403 --- [web] [http-nio-8081-exec-1] w.p.s.p.SixTargetMarketingSlide          :  cell data have36to45
2026-03-21T12:06:43.739-04:00  INFO 12403 --- [web] [http-nio-8081-exec-1] w.p.s.p.SixTargetMarketingSlide          : raw Text have36to45
2026-03-21T12:06:43.739-04:00  INFO 12403 --- [web] [http-nio-8081-exec-1] w.p.s.p.SixTargetMarketingSlide          :  cell data have46to55
2026-03-21T12:06:43.739-04:00  INFO 12403 --- [web] [http-nio-8081-exec-1] w.p.s.p.SixTargetMarketingSlide          : raw Text have46to55
2026-03-21T12:06:43.741-04:00  INFO 12403 --- [web] [http-nio-8081-exec-1] w.p.s.p.SixTargetMarketingSlide          :  cell data have56Plus
2026-03-21T12:06:43.742-04:00  INFO 12403 --- [web] [http-nio-8081-exec-1] w.p.s.p.SixTargetMarketingSlide          : raw Text have56Plus
2026-03-21T12:06:43.742-04:00  INFO 12403 --- [web] [http-nio-8081-exec-1] w.p.s.p.SixTargetMarketingSlide          :  cell data want19to25
2026-03-21T12:06:43.743-04:00  INFO 12403 --- [web] [http-nio-8081-exec-1] w.p.s.p.SixTargetMarketingSlide          : raw Text want19to25
2026-03-21T12:06:43.743-04:00  INFO 12403 --- [web] [http-nio-8081-exec-1] w.p.s.p.SixTargetMarketingSlide          :  cell data want19to25
2026-03-21T12:06:43.743-04:00  INFO 12403 --- [web] [http-nio-8081-exec-1] w.p.s.p.SixTargetMarketingSlide          : raw Text want19to25
2026-03-21T12:06:43.743-04:00  INFO 12403 --- [web] [http-nio-8081-exec-1] w.p.s.p.SixTargetMarketingSlide          :  cell data want26to35
2026-03-21T12:06:43.743-04:00  INFO 12403 --- [web] [http-nio-8081-exec-1] w.p.s.p.SixTargetMarketingSlide          : raw Text want26to35
2026-03-21T12:06:43.744-04:00  INFO 12403 --- [web] [http-nio-8081-exec-1] w.p.s.p.SixTargetMarketingSlide          :  cell data want36to45
2026-03-21T12:06:43.744-04:00  INFO 12403 --- [web] [http-nio-8081-exec-1] w.p.s.p.SixTargetMarketingSlide          : raw Text want36to45
2026-03-21T12:06:43.744-04:00  INFO 12403 --- [web] [http-nio-8081-exec-1] w.p.s.p.SixTargetMarketingSlide          :  cell data want46to55
2026-03-21T12:06:43.744-04:00  INFO 12403 --- [web] [http-nio-8081-exec-1] w.p.s.p.SixTargetMarketingSlide          : raw Text want46to55
2026-03-21T12:06:43.744-04:00  INFO 12403 --- [web] [http-nio-8081-exec-1] w.p.s.p.SixTargetMarketingSlide          :  cell data want55Plus
2026-03-21T12:06:43.744-04:00  INFO 12403 --- [web] [http-nio-8081-exec-1] w.p.s.p.SixTargetMarketingSlide          : raw Text want55Plus
2026-03-21T17:52:12.579-04:00  INFO 13567 --- [web] [http-nio-8081-exec-3] w.p.s.p.SixTargetMarketingSlide          :  cell data 
2026-03-21T17:52:12.597-04:00  INFO 13567 --- [web] [http-nio-8081-exec-3] w.p.s.p.SixTargetMarketingSlide          :  cell data 
2026-03-21T17:52:12.598-04:00  INFO 13567 --- [web] [http-nio-8081-exec-3] w.p.s.p.SixTargetMarketingSlide          :  cell data Target 85%
2026-03-21T17:52:12.598-04:00  INFO 13567 --- [web] [http-nio-8081-exec-3] w.p.s.p.SixTargetMarketingSlide          : raw Text Target 85%
2026-03-21T17:52:12.599-04:00  INFO 13567 --- [web] [http-nio-8081-exec-3] w.p.s.p.SixTargetMarketingSlide          :  cell data 
2026-03-21T17:52:12.599-04:00  INFO 13567 --- [web] [http-nio-8081-exec-3] w.p.s.p.SixTargetMarketingSlide          :  cell data 
2026-03-21T17:52:12.599-04:00  INFO 13567 --- [web] [http-nio-8081-exec-3] w.p.s.p.SixTargetMarketingSlide          :  cell data 
2026-03-21T17:52:12.600-04:00  INFO 13567 --- [web] [http-nio-8081-exec-3] w.p.s.p.SixTargetMarketingSlide          :  cell data 12-18
2026-03-21T17:52:12.600-04:00  INFO 13567 --- [web] [http-nio-8081-exec-3] w.p.s.p.SixTargetMarketingSlide          : raw Text 12-18
2026-03-21T17:52:12.600-04:00  INFO 13567 --- [web] [http-nio-8081-exec-3] w.p.s.p.SixTargetMarketingSlide          :  cell data 19-25
2026-03-21T17:52:12.600-04:00  INFO 13567 --- [web] [http-nio-8081-exec-3] w.p.s.p.SixTargetMarketingSlide          : raw Text 19-25
2026-03-21T17:52:12.601-04:00  INFO 13567 --- [web] [http-nio-8081-exec-3] w.p.s.p.SixTargetMarketingSlide          :  cell data 26-35
2026-03-21T17:52:12.602-04:00  INFO 13567 --- [web] [http-nio-8081-exec-3] w.p.s.p.SixTargetMarketingSlide          : raw Text 26-35
2026-03-21T17:52:12.602-04:00  INFO 13567 --- [web] [http-nio-8081-exec-3] w.p.s.p.SixTargetMarketingSlide          :  cell data 36-45
2026-03-21T17:52:12.602-04:00  INFO 13567 --- [web] [http-nio-8081-exec-3] w.p.s.p.SixTargetMarketingSlide          : raw Text 36-45
2026-03-21T17:52:12.602-04:00  INFO 13567 --- [web] [http-nio-8081-exec-3] w.p.s.p.SixTargetMarketingSlide          :  cell data 46-55
2026-03-21T17:52:12.602-04:00  INFO 13567 --- [web] [http-nio-8081-exec-3] w.p.s.p.SixTargetMarketingSlide          : raw Text 46-55
2026-03-21T17:52:12.603-04:00  INFO 13567 --- [web] [http-nio-8081-exec-3] w.p.s.p.SixTargetMarketingSlide          :  cell data 56+
2026-03-21T17:52:12.603-04:00  INFO 13567 --- [web] [http-nio-8081-exec-3] w.p.s.p.SixTargetMarketingSlide          : raw Text 56+
2026-03-21T17:52:12.604-04:00  INFO 13567 --- [web] [http-nio-8081-exec-3] w.p.s.p.SixTargetMarketingSlide          :  cell data have12to18
2026-03-21T17:52:12.604-04:00  INFO 13567 --- [web] [http-nio-8081-exec-3] w.p.s.p.SixTargetMarketingSlide          : raw Text have12to18
2026-03-21T17:52:12.604-04:00  INFO 13567 --- [web] [http-nio-8081-exec-3] w.p.s.p.SixTargetMarketingSlide          :  cell data have19to25
2026-03-21T17:52:12.604-04:00  INFO 13567 --- [web] [http-nio-8081-exec-3] w.p.s.p.SixTargetMarketingSlide          : raw Text have19to25
2026-03-21T17:52:12.605-04:00  INFO 13567 --- [web] [http-nio-8081-exec-3] w.p.s.p.SixTargetMarketingSlide          :  cell data have26to35
2026-03-21T17:52:12.605-04:00  INFO 13567 --- [web] [http-nio-8081-exec-3] w.p.s.p.SixTargetMarketingSlide          : raw Text have26to35
2026-03-21T17:52:12.605-04:00  INFO 13567 --- [web] [http-nio-8081-exec-3] w.p.s.p.SixTargetMarketingSlide          :  cell data have36to45
2026-03-21T17:52:12.606-04:00  INFO 13567 --- [web] [http-nio-8081-exec-3] w.p.s.p.SixTargetMarketingSlide          : raw Text have36to45
2026-03-21T17:52:12.607-04:00  INFO 13567 --- [web] [http-nio-8081-exec-3] w.p.s.p.SixTargetMarketingSlide          :  cell data have46to55
2026-03-21T17:52:12.607-04:00  INFO 13567 --- [web] [http-nio-8081-exec-3] w.p.s.p.SixTargetMarketingSlide          : raw Text have46to55
2026-03-21T17:52:12.607-04:00  INFO 13567 --- [web] [http-nio-8081-exec-3] w.p.s.p.SixTargetMarketingSlide          :  cell data have56Plus
2026-03-21T17:52:12.607-04:00  INFO 13567 --- [web] [http-nio-8081-exec-3] w.p.s.p.SixTargetMarketingSlide          : raw Text have56Plus
2026-03-21T17:52:12.607-04:00  INFO 13567 --- [web] [http-nio-8081-exec-3] w.p.s.p.SixTargetMarketingSlide          :  cell data want19to25
2026-03-21T17:52:12.607-04:00  INFO 13567 --- [web] [http-nio-8081-exec-3] w.p.s.p.SixTargetMarketingSlide          : raw Text want19to25
2026-03-21T17:52:12.608-04:00  INFO 13567 --- [web] [http-nio-8081-exec-3] w.p.s.p.SixTargetMarketingSlide          :  cell data want19to25
2026-03-21T17:52:12.608-04:00  INFO 13567 --- [web] [http-nio-8081-exec-3] w.p.s.p.SixTargetMarketingSlide          : raw Text want19to25
2026-03-21T17:52:12.608-04:00  INFO 13567 --- [web] [http-nio-8081-exec-3] w.p.s.p.SixTargetMarketingSlide          :  cell data want26to35
2026-03-21T17:52:12.609-04:00  INFO 13567 --- [web] [http-nio-8081-exec-3] w.p.s.p.SixTargetMarketingSlide          : raw Text want26to35
2026-03-21T17:52:12.609-04:00  INFO 13567 --- [web] [http-nio-8081-exec-3] w.p.s.p.SixTargetMarketingSlide          :  cell data want36to45
2026-03-21T17:52:12.609-04:00  INFO 13567 --- [web] [http-nio-8081-exec-3] w.p.s.p.SixTargetMarketingSlide          : raw Text want36to45
2026-03-21T17:52:12.609-04:00  INFO 13567 --- [web] [http-nio-8081-exec-3] w.p.s.p.SixTargetMarketingSlide          :  cell data want46to55
2026-03-21T17:52:12.609-04:00  INFO 13567 --- [web] [http-nio-8081-exec-3] w.p.s.p.SixTargetMarketingSlide          : raw Text want46to55
2026-03-21T17:52:12.610-04:00  INFO 13567 --- [web] [http-nio-8081-exec-3] w.p.s.p.SixTargetMarketingSlide          :  cell data want55Plus
2026-03-21T17:52:12.610-04:00  INFO 13567 --- [web] [http-nio-8081-exec-3] w.p.s.p.SixTargetMarketingSlide          : raw Text want55Plus
2026-03-28T10:59:44.887-04:00  INFO 4794 --- [web] [http-nio-8081-exec-2] w.p.s.p.SixTargetMarketingSlide          :  cell data 
2026-03-28T10:59:44.902-04:00  INFO 4794 --- [web] [http-nio-8081-exec-2] w.p.s.p.SixTargetMarketingSlide          :  cell data 
2026-03-28T10:59:44.903-04:00  INFO 4794 --- [web] [http-nio-8081-exec-2] w.p.s.p.SixTargetMarketingSlide          :  cell data Target 85%
2026-03-28T10:59:44.903-04:00  INFO 4794 --- [web] [http-nio-8081-exec-2] w.p.s.p.SixTargetMarketingSlide          : raw Text Target 85%
2026-03-28T10:59:44.903-04:00  INFO 4794 --- [web] [http-nio-8081-exec-2] w.p.s.p.SixTargetMarketingSlide          :  cell data 
2026-03-28T10:59:44.903-04:00  INFO 4794 --- [web] [http-nio-8081-exec-2] w.p.s.p.SixTargetMarketingSlide          :  cell data 
2026-03-28T10:59:44.904-04:00  INFO 4794 --- [web] [http-nio-8081-exec-2] w.p.s.p.SixTargetMarketingSlide          :  cell data 
2026-03-28T10:59:44.904-04:00  INFO 4794 --- [web] [http-nio-8081-exec-2] w.p.s.p.SixTargetMarketingSlide          :  cell data 12-18
2026-03-28T10:59:44.905-04:00  INFO 4794 --- [web] [http-nio-8081-exec-2] w.p.s.p.SixTargetMarketingSlide          : raw Text 12-18
2026-03-28T10:59:44.905-04:00  INFO 4794 --- [web] [http-nio-8081-exec-2] w.p.s.p.SixTargetMarketingSlide          :  cell data 19-25
2026-03-28T10:59:44.905-04:00  INFO 4794 --- [web] [http-nio-8081-exec-2] w.p.s.p.SixTargetMarketingSlide          : raw Text 19-25
2026-03-28T10:59:44.906-04:00  INFO 4794 --- [web] [http-nio-8081-exec-2] w.p.s.p.SixTargetMarketingSlide          :  cell data 26-35
2026-03-28T10:59:44.906-04:00  INFO 4794 --- [web] [http-nio-8081-exec-2] w.p.s.p.SixTargetMarketingSlide          : raw Text 26-35
2026-03-28T10:59:44.906-04:00  INFO 4794 --- [web] [http-nio-8081-exec-2] w.p.s.p.SixTargetMarketingSlide          :  cell data 36-45
2026-03-28T10:59:44.906-04:00  INFO 4794 --- [web] [http-nio-8081-exec-2] w.p.s.p.SixTargetMarketingSlide          : raw Text 36-45
2026-03-28T10:59:44.906-04:00  INFO 4794 --- [web] [http-nio-8081-exec-2] w.p.s.p.SixTargetMarketingSlide          :  cell data 46-55
2026-03-28T10:59:44.906-04:00  INFO 4794 --- [web] [http-nio-8081-exec-2] w.p.s.p.SixTargetMarketingSlide          : raw Text 46-55
2026-03-28T10:59:44.906-04:00  INFO 4794 --- [web] [http-nio-8081-exec-2] w.p.s.p.SixTargetMarketingSlide          :  cell data 56+
2026-03-28T10:59:44.907-04:00  INFO 4794 --- [web] [http-nio-8081-exec-2] w.p.s.p.SixTargetMarketingSlide          : raw Text 56+
2026-03-28T10:59:44.907-04:00  INFO 4794 --- [web] [http-nio-8081-exec-2] w.p.s.p.SixTargetMarketingSlide          :  cell data have12to18
2026-03-28T10:59:44.908-04:00  INFO 4794 --- [web] [http-nio-8081-exec-2] w.p.s.p.SixTargetMarketingSlide          : raw Text have12to18
2026-03-28T10:59:44.908-04:00  INFO 4794 --- [web] [http-nio-8081-exec-2] w.p.s.p.SixTargetMarketingSlide          :  cell data have19to25
2026-03-28T10:59:44.908-04:00  INFO 4794 --- [web] [http-nio-8081-exec-2] w.p.s.p.SixTargetMarketingSlide          : raw Text have19to25
2026-03-28T10:59:44.908-04:00  INFO 4794 --- [web] [http-nio-8081-exec-2] w.p.s.p.SixTargetMarketingSlide          :  cell data have26to35
2026-03-28T10:59:44.909-04:00  INFO 4794 --- [web] [http-nio-8081-exec-2] w.p.s.p.SixTargetMarketingSlide          : raw Text have26to35
2026-03-28T10:59:44.909-04:00  INFO 4794 --- [web] [http-nio-8081-exec-2] w.p.s.p.SixTargetMarketingSlide          :  cell data have36to45
2026-03-28T10:59:44.909-04:00  INFO 4794 --- [web] [http-nio-8081-exec-2] w.p.s.p.SixTargetMarketingSlide          : raw Text have36to45
2026-03-28T10:59:44.910-04:00  INFO 4794 --- [web] [http-nio-8081-exec-2] w.p.s.p.SixTargetMarketingSlide          :  cell data have46to55
2026-03-28T10:59:44.910-04:00  INFO 4794 --- [web] [http-nio-8081-exec-2] w.p.s.p.SixTargetMarketingSlide          : raw Text have46to55
2026-03-28T10:59:44.910-04:00  INFO 4794 --- [web] [http-nio-8081-exec-2] w.p.s.p.SixTargetMarketingSlide          :  cell data have56Plus
2026-03-28T10:59:44.910-04:00  INFO 4794 --- [web] [http-nio-8081-exec-2] w.p.s.p.SixTargetMarketingSlide          : raw Text have56Plus
2026-03-28T10:59:44.911-04:00  INFO 4794 --- [web] [http-nio-8081-exec-2] w.p.s.p.SixTargetMarketingSlide          :  cell data want19to25
2026-03-28T10:59:44.911-04:00  INFO 4794 --- [web] [http-nio-8081-exec-2] w.p.s.p.SixTargetMarketingSlide          : raw Text want19to25
2026-03-28T10:59:44.911-04:00  INFO 4794 --- [web] [http-nio-8081-exec-2] w.p.s.p.SixTargetMarketingSlide          :  cell data want19to25
2026-03-28T10:59:44.912-04:00  INFO 4794 --- [web] [http-nio-8081-exec-2] w.p.s.p.SixTargetMarketingSlide          : raw Text want19to25
2026-03-28T10:59:44.912-04:00  INFO 4794 --- [web] [http-nio-8081-exec-2] w.p.s.p.SixTargetMarketingSlide          :  cell data want26to35
2026-03-28T10:59:44.912-04:00  INFO 4794 --- [web] [http-nio-8081-exec-2] w.p.s.p.SixTargetMarketingSlide          : raw Text want26to35
2026-03-28T10:59:44.912-04:00  INFO 4794 --- [web] [http-nio-8081-exec-2] w.p.s.p.SixTargetMarketingSlide          :  cell data want36to45
2026-03-28T10:59:44.912-04:00  INFO 4794 --- [web] [http-nio-8081-exec-2] w.p.s.p.SixTargetMarketingSlide          : raw Text want36to45
2026-03-28T10:59:44.912-04:00  INFO 4794 --- [web] [http-nio-8081-exec-2] w.p.s.p.SixTargetMarketingSlide          :  cell data want46to55
2026-03-28T10:59:44.912-04:00  INFO 4794 --- [web] [http-nio-8081-exec-2] w.p.s.p.SixTargetMarketingSlide          : raw Text want46to55
2026-03-28T10:59:44.913-04:00  INFO 4794 --- [web] [http-nio-8081-exec-2] w.p.s.p.SixTargetMarketingSlide          :  cell data want55Plus
2026-03-28T10:59:44.913-04:00  INFO 4794 --- [web] [http-nio-8081-exec-2] w.p.s.p.SixTargetMarketingSlide          : raw Text want55Plus
2026-04-12T15:18:21.974-04:00  INFO 1039 --- [web] [http-nio-8081-exec-8] w.p.s.p.SixTargetMarketingSlide          :  cell data 
2026-04-12T15:18:21.989-04:00  INFO 1039 --- [web] [http-nio-8081-exec-8] w.p.s.p.SixTargetMarketingSlide          :  cell data 
2026-04-12T15:18:21.990-04:00  INFO 1039 --- [web] [http-nio-8081-exec-8] w.p.s.p.SixTargetMarketingSlide          :  cell data Target 85%
2026-04-12T15:18:21.990-04:00  INFO 1039 --- [web] [http-nio-8081-exec-8] w.p.s.p.SixTargetMarketingSlide          : raw Text Target 85%
2026-04-12T15:18:21.990-04:00  INFO 1039 --- [web] [http-nio-8081-exec-8] w.p.s.p.SixTargetMarketingSlide          :  cell data 
2026-04-12T15:18:21.991-04:00  INFO 1039 --- [web] [http-nio-8081-exec-8] w.p.s.p.SixTargetMarketingSlide          :  cell data 
2026-04-12T15:18:21.991-04:00  INFO 1039 --- [web] [http-nio-8081-exec-8] w.p.s.p.SixTargetMarketingSlide          :  cell data 
2026-04-12T15:18:21.991-04:00  INFO 1039 --- [web] [http-nio-8081-exec-8] w.p.s.p.SixTargetMarketingSlide          :  cell data 12-18
2026-04-12T15:18:21.991-04:00  INFO 1039 --- [web] [http-nio-8081-exec-8] w.p.s.p.SixTargetMarketingSlide          : raw Text 12-18
2026-04-12T15:18:21.992-04:00  INFO 1039 --- [web] [http-nio-8081-exec-8] w.p.s.p.SixTargetMarketingSlide          :  cell data 19-25
2026-04-12T15:18:21.992-04:00  INFO 1039 --- [web] [http-nio-8081-exec-8] w.p.s.p.SixTargetMarketingSlide          : raw Text 19-25
2026-04-12T15:18:21.994-04:00  INFO 1039 --- [web] [http-nio-8081-exec-3] w.p.s.p.SixTargetMarketingSlide          :  cell data 
2026-04-12T15:18:21.995-04:00  INFO 1039 --- [web] [http-nio-8081-exec-8] w.p.s.p.SixTargetMarketingSlide          :  cell data 26-35
2026-04-12T15:18:21.995-04:00  INFO 1039 --- [web] [http-nio-8081-exec-3] w.p.s.p.SixTargetMarketingSlide          :  cell data 
2026-04-12T15:18:21.995-04:00  INFO 1039 --- [web] [http-nio-8081-exec-8] w.p.s.p.SixTargetMarketingSlide          : raw Text 26-35
2026-04-12T15:18:21.995-04:00  INFO 1039 --- [web] [http-nio-8081-exec-3] w.p.s.p.SixTargetMarketingSlide          :  cell data Target 85%
2026-04-12T15:18:21.996-04:00  INFO 1039 --- [web] [http-nio-8081-exec-3] w.p.s.p.SixTargetMarketingSlide          : raw Text Target 85%
2026-04-12T15:18:21.996-04:00  INFO 1039 --- [web] [http-nio-8081-exec-3] w.p.s.p.SixTargetMarketingSlide          :  cell data 
2026-04-12T15:18:21.996-04:00  INFO 1039 --- [web] [http-nio-8081-exec-8] w.p.s.p.SixTargetMarketingSlide          :  cell data 36-45
2026-04-12T15:18:21.997-04:00  INFO 1039 --- [web] [http-nio-8081-exec-8] w.p.s.p.SixTargetMarketingSlide          : raw Text 36-45
2026-04-12T15:18:21.997-04:00  INFO 1039 --- [web] [http-nio-8081-exec-3] w.p.s.p.SixTargetMarketingSlide          :  cell data 
2026-04-12T15:18:21.997-04:00  INFO 1039 --- [web] [http-nio-8081-exec-8] w.p.s.p.SixTargetMarketingSlide          :  cell data 46-55
2026-04-12T15:18:21.997-04:00  INFO 1039 --- [web] [http-nio-8081-exec-3] w.p.s.p.SixTargetMarketingSlide          :  cell data 
2026-04-12T15:18:21.998-04:00  INFO 1039 --- [web] [http-nio-8081-exec-8] w.p.s.p.SixTargetMarketingSlide          : raw Text 46-55
2026-04-12T15:18:21.998-04:00  INFO 1039 --- [web] [http-nio-8081-exec-8] w.p.s.p.SixTargetMarketingSlide          :  cell data 56+
2026-04-12T15:18:21.998-04:00  INFO 1039 --- [web] [http-nio-8081-exec-8] w.p.s.p.SixTargetMarketingSlide          : raw Text 56+
2026-04-12T15:18:21.998-04:00  INFO 1039 --- [web] [http-nio-8081-exec-8] w.p.s.p.SixTargetMarketingSlide          :  cell data have12to18
2026-04-12T15:18:21.998-04:00  INFO 1039 --- [web] [http-nio-8081-exec-3] w.p.s.p.SixTargetMarketingSlide          :  cell data 12-18
2026-04-12T15:18:21.998-04:00  INFO 1039 --- [web] [http-nio-8081-exec-8] w.p.s.p.SixTargetMarketingSlide          : raw Text have12to18
2026-04-12T15:18:21.998-04:00  INFO 1039 --- [web] [http-nio-8081-exec-3] w.p.s.p.SixTargetMarketingSlide          : raw Text 12-18
2026-04-12T15:18:21.999-04:00  INFO 1039 --- [web] [http-nio-8081-exec-3] w.p.s.p.SixTargetMarketingSlide          :  cell data 19-25
2026-04-12T15:18:21.999-04:00  INFO 1039 --- [web] [http-nio-8081-exec-3] w.p.s.p.SixTargetMarketingSlide          : raw Text 19-25
2026-04-12T15:18:21.999-04:00  INFO 1039 --- [web] [http-nio-8081-exec-8] w.p.s.p.SixTargetMarketingSlide          :  cell data have19to25
2026-04-12T15:18:22.000-04:00  INFO 1039 --- [web] [http-nio-8081-exec-3] w.p.s.p.SixTargetMarketingSlide          :  cell data 26-35
2026-04-12T15:18:22.000-04:00  INFO 1039 --- [web] [http-nio-8081-exec-8] w.p.s.p.SixTargetMarketingSlide          : raw Text have19to25
2026-04-12T15:18:22.000-04:00  INFO 1039 --- [web] [http-nio-8081-exec-3] w.p.s.p.SixTargetMarketingSlide          : raw Text 26-35
2026-04-12T15:18:22.001-04:00  INFO 1039 --- [web] [http-nio-8081-exec-3] w.p.s.p.SixTargetMarketingSlide          :  cell data 36-45
2026-04-12T15:18:22.001-04:00  INFO 1039 --- [web] [http-nio-8081-exec-3] w.p.s.p.SixTargetMarketingSlide          : raw Text 36-45
2026-04-12T15:18:22.002-04:00  INFO 1039 --- [web] [http-nio-8081-exec-3] w.p.s.p.SixTargetMarketingSlide          :  cell data 46-55
2026-04-12T15:18:22.002-04:00  INFO 1039 --- [web] [http-nio-8081-exec-3] w.p.s.p.SixTargetMarketingSlide          : raw Text 46-55
2026-04-12T15:18:22.002-04:00  INFO 1039 --- [web] [http-nio-8081-exec-8] w.p.s.p.SixTargetMarketingSlide          :  cell data have26to35
2026-04-12T15:18:22.003-04:00  INFO 1039 --- [web] [http-nio-8081-exec-3] w.p.s.p.SixTargetMarketingSlide          :  cell data 56+
2026-04-12T15:18:22.003-04:00  INFO 1039 --- [web] [http-nio-8081-exec-8] w.p.s.p.SixTargetMarketingSlide          : raw Text have26to35
2026-04-12T15:18:22.003-04:00  INFO 1039 --- [web] [http-nio-8081-exec-3] w.p.s.p.SixTargetMarketingSlide          : raw Text 56+
2026-04-12T15:18:22.004-04:00  INFO 1039 --- [web] [http-nio-8081-exec-3] w.p.s.p.SixTargetMarketingSlide          :  cell data have12to18
2026-04-12T15:18:22.004-04:00  INFO 1039 --- [web] [http-nio-8081-exec-8] w.p.s.p.SixTargetMarketingSlide          :  cell data have36to45
2026-04-12T15:18:22.005-04:00  INFO 1039 --- [web] [http-nio-8081-exec-8] w.p.s.p.SixTargetMarketingSlide          : raw Text have36to45
2026-04-12T15:18:22.005-04:00  INFO 1039 --- [web] [http-nio-8081-exec-8] w.p.s.p.SixTargetMarketingSlide          :  cell data have46to55
2026-04-12T15:18:22.005-04:00  INFO 1039 --- [web] [http-nio-8081-exec-3] w.p.s.p.SixTargetMarketingSlide          : raw Text have12to18
2026-04-12T15:18:22.005-04:00  INFO 1039 --- [web] [http-nio-8081-exec-3] w.p.s.p.SixTargetMarketingSlide          :  cell data have19to25
2026-04-12T15:18:22.005-04:00  INFO 1039 --- [web] [http-nio-8081-exec-8] w.p.s.p.SixTargetMarketingSlide          : raw Text have46to55
2026-04-12T15:18:22.006-04:00  INFO 1039 --- [web] [http-nio-8081-exec-8] w.p.s.p.SixTargetMarketingSlide          :  cell data have56Plus
2026-04-12T15:18:22.006-04:00  INFO 1039 --- [web] [http-nio-8081-exec-3] w.p.s.p.SixTargetMarketingSlide          : raw Text have19to25
2026-04-12T15:18:22.006-04:00  INFO 1039 --- [web] [http-nio-8081-exec-8] w.p.s.p.SixTargetMarketingSlide          : raw Text have56Plus
2026-04-12T15:18:22.006-04:00  INFO 1039 --- [web] [http-nio-8081-exec-3] w.p.s.p.SixTargetMarketingSlide          :  cell data have26to35
2026-04-12T15:18:22.007-04:00  INFO 1039 --- [web] [http-nio-8081-exec-8] w.p.s.p.SixTargetMarketingSlide          :  cell data want19to25
2026-04-12T15:18:22.007-04:00  INFO 1039 --- [web] [http-nio-8081-exec-8] w.p.s.p.SixTargetMarketingSlide          : raw Text want19to25
2026-04-12T15:18:22.007-04:00  INFO 1039 --- [web] [http-nio-8081-exec-3] w.p.s.p.SixTargetMarketingSlide          : raw Text have26to35
2026-04-12T15:18:22.007-04:00  INFO 1039 --- [web] [http-nio-8081-exec-8] w.p.s.p.SixTargetMarketingSlide          :  cell data want19to25
2026-04-12T15:18:22.007-04:00  INFO 1039 --- [web] [http-nio-8081-exec-8] w.p.s.p.SixTargetMarketingSlide          : raw Text want19to25
2026-04-12T15:18:22.007-04:00  INFO 1039 --- [web] [http-nio-8081-exec-8] w.p.s.p.SixTargetMarketingSlide          :  cell data want26to35
2026-04-12T15:18:22.007-04:00  INFO 1039 --- [web] [http-nio-8081-exec-8] w.p.s.p.SixTargetMarketingSlide          : raw Text want26to35
2026-04-12T15:18:22.008-04:00  INFO 1039 --- [web] [http-nio-8081-exec-8] w.p.s.p.SixTargetMarketingSlide          :  cell data want36to45
2026-04-12T15:18:22.008-04:00  INFO 1039 --- [web] [http-nio-8081-exec-8] w.p.s.p.SixTargetMarketingSlide          : raw Text want36to45
2026-04-12T15:18:22.008-04:00  INFO 1039 --- [web] [http-nio-8081-exec-8] w.p.s.p.SixTargetMarketingSlide          :  cell data want46to55
2026-04-12T15:18:22.007-04:00  INFO 1039 --- [web] [http-nio-8081-exec-3] w.p.s.p.SixTargetMarketingSlide          :  cell data have36to45
2026-04-12T15:18:22.008-04:00  INFO 1039 --- [web] [http-nio-8081-exec-3] w.p.s.p.SixTargetMarketingSlide          : raw Text have36to45
2026-04-12T15:18:22.008-04:00  INFO 1039 --- [web] [http-nio-8081-exec-8] w.p.s.p.SixTargetMarketingSlide          : raw Text want46to55
2026-04-12T15:18:22.009-04:00  INFO 1039 --- [web] [http-nio-8081-exec-3] w.p.s.p.SixTargetMarketingSlide          :  cell data have46to55
2026-04-12T15:18:22.009-04:00  INFO 1039 --- [web] [http-nio-8081-exec-8] w.p.s.p.SixTargetMarketingSlide          :  cell data want55Plus
2026-04-12T15:18:22.009-04:00  INFO 1039 --- [web] [http-nio-8081-exec-3] w.p.s.p.SixTargetMarketingSlide          : raw Text have46to55
2026-04-12T15:18:22.009-04:00  INFO 1039 --- [web] [http-nio-8081-exec-8] w.p.s.p.SixTargetMarketingSlide          : raw Text want55Plus
2026-04-12T15:18:22.010-04:00  INFO 1039 --- [web] [http-nio-8081-exec-3] w.p.s.p.SixTargetMarketingSlide          :  cell data have56Plus
2026-04-12T15:18:22.010-04:00  INFO 1039 --- [web] [http-nio-8081-exec-3] w.p.s.p.SixTargetMarketingSlide          : raw Text have56Plus
2026-04-12T15:18:22.011-04:00  INFO 1039 --- [web] [http-nio-8081-exec-3] w.p.s.p.SixTargetMarketingSlide          :  cell data want19to25
2026-04-12T15:18:22.011-04:00  INFO 1039 --- [web] [http-nio-8081-exec-3] w.p.s.p.SixTargetMarketingSlide          : raw Text want19to25
2026-04-12T15:18:22.012-04:00  INFO 1039 --- [web] [http-nio-8081-exec-3] w.p.s.p.SixTargetMarketingSlide          :  cell data want19to25
2026-04-12T15:18:22.012-04:00  INFO 1039 --- [web] [http-nio-8081-exec-3] w.p.s.p.SixTargetMarketingSlide          : raw Text want19to25
2026-04-12T15:18:22.013-04:00  INFO 1039 --- [web] [http-nio-8081-exec-3] w.p.s.p.SixTargetMarketingSlide          :  cell data want26to35
2026-04-12T15:18:22.013-04:00  INFO 1039 --- [web] [http-nio-8081-exec-3] w.p.s.p.SixTargetMarketingSlide          : raw Text want26to35
2026-04-12T15:18:22.014-04:00  INFO 1039 --- [web] [http-nio-8081-exec-3] w.p.s.p.SixTargetMarketingSlide          :  cell data want36to45
2026-04-12T15:18:22.014-04:00  INFO 1039 --- [web] [http-nio-8081-exec-3] w.p.s.p.SixTargetMarketingSlide          : raw Text want36to45
2026-04-12T15:18:22.015-04:00  INFO 1039 --- [web] [http-nio-8081-exec-3] w.p.s.p.SixTargetMarketingSlide          :  cell data want46to55
2026-04-12T15:18:22.015-04:00  INFO 1039 --- [web] [http-nio-8081-exec-3] w.p.s.p.SixTargetMarketingSlide          : raw Text want46to55
2026-04-12T15:18:22.016-04:00  INFO 1039 --- [web] [http-nio-8081-exec-3] w.p.s.p.SixTargetMarketingSlide          :  cell data want55Plus
2026-04-12T15:18:22.017-04:00  INFO 1039 --- [web] [http-nio-8081-exec-3] w.p.s.p.SixTargetMarketingSlide          : raw Text want55Plus
2026-04-12T15:22:12.884-04:00  INFO 1096 --- [web] [http-nio-8081-exec-2] w.p.s.p.SixTargetMarketingSlide          :  cell data 
2026-04-12T15:22:12.899-04:00  INFO 1096 --- [web] [http-nio-8081-exec-2] w.p.s.p.SixTargetMarketingSlide          :  cell data 
2026-04-12T15:22:12.900-04:00  INFO 1096 --- [web] [http-nio-8081-exec-2] w.p.s.p.SixTargetMarketingSlide          :  cell data Target 85%
2026-04-12T15:22:12.901-04:00  INFO 1096 --- [web] [http-nio-8081-exec-2] w.p.s.p.SixTargetMarketingSlide          : raw Text Target 85%
2026-04-12T15:22:12.901-04:00  INFO 1096 --- [web] [http-nio-8081-exec-2] w.p.s.p.SixTargetMarketingSlide          :  cell data 
2026-04-12T15:22:12.902-04:00  INFO 1096 --- [web] [http-nio-8081-exec-2] w.p.s.p.SixTargetMarketingSlide          :  cell data 
2026-04-12T15:22:12.902-04:00  INFO 1096 --- [web] [http-nio-8081-exec-2] w.p.s.p.SixTargetMarketingSlide          :  cell data 
2026-04-12T15:22:12.903-04:00  INFO 1096 --- [web] [http-nio-8081-exec-2] w.p.s.p.SixTargetMarketingSlide          :  cell data 12-18
2026-04-12T15:22:12.903-04:00  INFO 1096 --- [web] [http-nio-8081-exec-2] w.p.s.p.SixTargetMarketingSlide          : raw Text 12-18
2026-04-12T15:22:12.904-04:00  INFO 1096 --- [web] [http-nio-8081-exec-2] w.p.s.p.SixTargetMarketingSlide          :  cell data 19-25
2026-04-12T15:22:12.905-04:00  INFO 1096 --- [web] [http-nio-8081-exec-2] w.p.s.p.SixTargetMarketingSlide          : raw Text 19-25
2026-04-12T15:22:12.905-04:00  INFO 1096 --- [web] [http-nio-8081-exec-2] w.p.s.p.SixTargetMarketingSlide          :  cell data 26-35
2026-04-12T15:22:12.906-04:00  INFO 1096 --- [web] [http-nio-8081-exec-2] w.p.s.p.SixTargetMarketingSlide          : raw Text 26-35
2026-04-12T15:22:12.906-04:00  INFO 1096 --- [web] [http-nio-8081-exec-2] w.p.s.p.SixTargetMarketingSlide          :  cell data 36-45
2026-04-12T15:22:12.907-04:00  INFO 1096 --- [web] [http-nio-8081-exec-2] w.p.s.p.SixTargetMarketingSlide          : raw Text 36-45
2026-04-12T15:22:12.907-04:00  INFO 1096 --- [web] [http-nio-8081-exec-2] w.p.s.p.SixTargetMarketingSlide          :  cell data 46-55
2026-04-12T15:22:12.908-04:00  INFO 1096 --- [web] [http-nio-8081-exec-2] w.p.s.p.SixTargetMarketingSlide          : raw Text 46-55
2026-04-12T15:22:12.909-04:00  INFO 1096 --- [web] [http-nio-8081-exec-2] w.p.s.p.SixTargetMarketingSlide          :  cell data 56+
2026-04-12T15:22:12.909-04:00  INFO 1096 --- [web] [http-nio-8081-exec-2] w.p.s.p.SixTargetMarketingSlide          : raw Text 56+
2026-04-12T15:22:12.910-04:00  INFO 1096 --- [web] [http-nio-8081-exec-2] w.p.s.p.SixTargetMarketingSlide          :  cell data have12to18
2026-04-12T15:22:12.910-04:00  INFO 1096 --- [web] [http-nio-8081-exec-2] w.p.s.p.SixTargetMarketingSlide          : raw Text have12to18
2026-04-12T15:22:12.911-04:00  INFO 1096 --- [web] [http-nio-8081-exec-2] w.p.s.p.SixTargetMarketingSlide          :  cell data have19to25
2026-04-12T15:22:12.911-04:00  INFO 1096 --- [web] [http-nio-8081-exec-2] w.p.s.p.SixTargetMarketingSlide          : raw Text have19to25
2026-04-12T15:22:12.912-04:00  INFO 1096 --- [web] [http-nio-8081-exec-2] w.p.s.p.SixTargetMarketingSlide          :  cell data have26to35
2026-04-12T15:22:12.913-04:00  INFO 1096 --- [web] [http-nio-8081-exec-2] w.p.s.p.SixTargetMarketingSlide          : raw Text have26to35
2026-04-12T15:22:12.913-04:00  INFO 1096 --- [web] [http-nio-8081-exec-2] w.p.s.p.SixTargetMarketingSlide          :  cell data have36to45
2026-04-12T15:22:12.914-04:00  INFO 1096 --- [web] [http-nio-8081-exec-2] w.p.s.p.SixTargetMarketingSlide          : raw Text have36to45
2026-04-12T15:22:12.915-04:00  INFO 1096 --- [web] [http-nio-8081-exec-2] w.p.s.p.SixTargetMarketingSlide          :  cell data have46to55
2026-04-12T15:22:12.915-04:00  INFO 1096 --- [web] [http-nio-8081-exec-2] w.p.s.p.SixTargetMarketingSlide          : raw Text have46to55
2026-04-12T15:22:12.916-04:00  INFO 1096 --- [web] [http-nio-8081-exec-2] w.p.s.p.SixTargetMarketingSlide          :  cell data have56Plus
2026-04-12T15:22:12.916-04:00  INFO 1096 --- [web] [http-nio-8081-exec-2] w.p.s.p.SixTargetMarketingSlide          : raw Text have56Plus
2026-04-12T15:22:12.917-04:00  INFO 1096 --- [web] [http-nio-8081-exec-2] w.p.s.p.SixTargetMarketingSlide          :  cell data want19to25
2026-04-12T15:22:12.918-04:00  INFO 1096 --- [web] [http-nio-8081-exec-2] w.p.s.p.SixTargetMarketingSlide          : raw Text want19to25
2026-04-12T15:22:12.918-04:00  INFO 1096 --- [web] [http-nio-8081-exec-2] w.p.s.p.SixTargetMarketingSlide          :  cell data want19to25
2026-04-12T15:22:12.919-04:00  INFO 1096 --- [web] [http-nio-8081-exec-2] w.p.s.p.SixTargetMarketingSlide          : raw Text want19to25
2026-04-12T15:22:12.920-04:00  INFO 1096 --- [web] [http-nio-8081-exec-2] w.p.s.p.SixTargetMarketingSlide          :  cell data want26to35
2026-04-12T15:22:12.920-04:00  INFO 1096 --- [web] [http-nio-8081-exec-2] w.p.s.p.SixTargetMarketingSlide          : raw Text want26to35
2026-04-12T15:22:12.921-04:00  INFO 1096 --- [web] [http-nio-8081-exec-2] w.p.s.p.SixTargetMarketingSlide          :  cell data want36to45
2026-04-12T15:22:12.921-04:00  INFO 1096 --- [web] [http-nio-8081-exec-2] w.p.s.p.SixTargetMarketingSlide          : raw Text want36to45
2026-04-12T15:22:12.922-04:00  INFO 1096 --- [web] [http-nio-8081-exec-2] w.p.s.p.SixTargetMarketingSlide          :  cell data want46to55
2026-04-12T15:22:12.922-04:00  INFO 1096 --- [web] [http-nio-8081-exec-2] w.p.s.p.SixTargetMarketingSlide          : raw Text want46to55
2026-04-12T15:22:12.923-04:00  INFO 1096 --- [web] [http-nio-8081-exec-2] w.p.s.p.SixTargetMarketingSlide          :  cell data want55Plus
2026-04-12T15:22:12.924-04:00  INFO 1096 --- [web] [http-nio-8081-exec-2] w.p.s.p.SixTargetMarketingSlide          : raw Text want55Plus
2026-04-12T15:22:27.383-04:00  INFO 1096 --- [web] [http-nio-8081-exec-5] w.p.s.p.SixTargetMarketingSlide          :  cell data 
2026-04-12T15:22:27.384-04:00  INFO 1096 --- [web] [http-nio-8081-exec-5] w.p.s.p.SixTargetMarketingSlide          :  cell data 
2026-04-12T15:22:27.385-04:00  INFO 1096 --- [web] [http-nio-8081-exec-5] w.p.s.p.SixTargetMarketingSlide          :  cell data Target 85%
2026-04-12T15:22:27.385-04:00  INFO 1096 --- [web] [http-nio-8081-exec-5] w.p.s.p.SixTargetMarketingSlide          : raw Text Target 85%
2026-04-12T15:22:27.386-04:00  INFO 1096 --- [web] [http-nio-8081-exec-5] w.p.s.p.SixTargetMarketingSlide          :  cell data 
2026-04-12T15:22:27.386-04:00  INFO 1096 --- [web] [http-nio-8081-exec-5] w.p.s.p.SixTargetMarketingSlide          :  cell data 
2026-04-12T15:22:27.387-04:00  INFO 1096 --- [web] [http-nio-8081-exec-5] w.p.s.p.SixTargetMarketingSlide          :  cell data 
2026-04-12T15:22:27.387-04:00  INFO 1096 --- [web] [http-nio-8081-exec-5] w.p.s.p.SixTargetMarketingSlide          :  cell data 12-18
2026-04-12T15:22:27.388-04:00  INFO 1096 --- [web] [http-nio-8081-exec-5] w.p.s.p.SixTargetMarketingSlide          : raw Text 12-18
2026-04-12T15:22:27.388-04:00  INFO 1096 --- [web] [http-nio-8081-exec-5] w.p.s.p.SixTargetMarketingSlide          :  cell data 19-25
2026-04-12T15:22:27.389-04:00  INFO 1096 --- [web] [http-nio-8081-exec-5] w.p.s.p.SixTargetMarketingSlide          : raw Text 19-25
2026-04-12T15:22:27.390-04:00  INFO 1096 --- [web] [http-nio-8081-exec-5] w.p.s.p.SixTargetMarketingSlide          :  cell data 26-35
2026-04-12T15:22:27.390-04:00  INFO 1096 --- [web] [http-nio-8081-exec-5] w.p.s.p.SixTargetMarketingSlide          : raw Text 26-35
2026-04-12T15:22:27.391-04:00  INFO 1096 --- [web] [http-nio-8081-exec-5] w.p.s.p.SixTargetMarketingSlide          :  cell data 36-45
2026-04-12T15:22:27.391-04:00  INFO 1096 --- [web] [http-nio-8081-exec-5] w.p.s.p.SixTargetMarketingSlide          : raw Text 36-45
2026-04-12T15:22:27.392-04:00  INFO 1096 --- [web] [http-nio-8081-exec-5] w.p.s.p.SixTargetMarketingSlide          :  cell data 46-55
2026-04-12T15:22:27.392-04:00  INFO 1096 --- [web] [http-nio-8081-exec-5] w.p.s.p.SixTargetMarketingSlide          : raw Text 46-55
2026-04-12T15:22:27.393-04:00  INFO 1096 --- [web] [http-nio-8081-exec-5] w.p.s.p.SixTargetMarketingSlide          :  cell data 56+
2026-04-12T15:22:27.393-04:00  INFO 1096 --- [web] [http-nio-8081-exec-5] w.p.s.p.SixTargetMarketingSlide          : raw Text 56+
2026-04-12T15:22:27.394-04:00  INFO 1096 --- [web] [http-nio-8081-exec-5] w.p.s.p.SixTargetMarketingSlide          :  cell data have12to18
2026-04-12T15:22:27.394-04:00  INFO 1096 --- [web] [http-nio-8081-exec-5] w.p.s.p.SixTargetMarketingSlide          : raw Text have12to18
2026-04-12T15:22:27.395-04:00  INFO 1096 --- [web] [http-nio-8081-exec-5] w.p.s.p.SixTargetMarketingSlide          :  cell data have19to25
2026-04-12T15:22:27.396-04:00  INFO 1096 --- [web] [http-nio-8081-exec-5] w.p.s.p.SixTargetMarketingSlide          : raw Text have19to25
2026-04-12T15:22:27.396-04:00  INFO 1096 --- [web] [http-nio-8081-exec-5] w.p.s.p.SixTargetMarketingSlide          :  cell data have26to35
2026-04-12T15:22:27.397-04:00  INFO 1096 --- [web] [http-nio-8081-exec-5] w.p.s.p.SixTargetMarketingSlide          : raw Text have26to35
2026-04-12T15:22:27.397-04:00  INFO 1096 --- [web] [http-nio-8081-exec-5] w.p.s.p.SixTargetMarketingSlide          :  cell data have36to45
2026-04-12T15:22:27.398-04:00  INFO 1096 --- [web] [http-nio-8081-exec-5] w.p.s.p.SixTargetMarketingSlide          : raw Text have36to45
2026-04-12T15:22:27.399-04:00  INFO 1096 --- [web] [http-nio-8081-exec-5] w.p.s.p.SixTargetMarketingSlide          :  cell data have46to55
2026-04-12T15:22:27.399-04:00  INFO 1096 --- [web] [http-nio-8081-exec-5] w.p.s.p.SixTargetMarketingSlide          : raw Text have46to55
2026-04-12T15:22:27.400-04:00  INFO 1096 --- [web] [http-nio-8081-exec-5] w.p.s.p.SixTargetMarketingSlide          :  cell data have56Plus
2026-04-12T15:22:27.400-04:00  INFO 1096 --- [web] [http-nio-8081-exec-5] w.p.s.p.SixTargetMarketingSlide          : raw Text have56Plus
2026-04-12T15:22:27.401-04:00  INFO 1096 --- [web] [http-nio-8081-exec-5] w.p.s.p.SixTargetMarketingSlide          :  cell data want19to25
2026-04-12T15:22:27.401-04:00  INFO 1096 --- [web] [http-nio-8081-exec-5] w.p.s.p.SixTargetMarketingSlide          : raw Text want19to25
2026-04-12T15:22:27.402-04:00  INFO 1096 --- [web] [http-nio-8081-exec-5] w.p.s.p.SixTargetMarketingSlide          :  cell data want19to25
2026-04-12T15:22:27.403-04:00  INFO 1096 --- [web] [http-nio-8081-exec-5] w.p.s.p.SixTargetMarketingSlide          : raw Text want19to25
2026-04-12T15:22:27.403-04:00  INFO 1096 --- [web] [http-nio-8081-exec-5] w.p.s.p.SixTargetMarketingSlide          :  cell data want26to35
2026-04-12T15:22:27.404-04:00  INFO 1096 --- [web] [http-nio-8081-exec-5] w.p.s.p.SixTargetMarketingSlide          : raw Text want26to35
2026-04-12T15:22:27.405-04:00  INFO 1096 --- [web] [http-nio-8081-exec-5] w.p.s.p.SixTargetMarketingSlide          :  cell data want36to45
2026-04-12T15:22:27.405-04:00  INFO 1096 --- [web] [http-nio-8081-exec-5] w.p.s.p.SixTargetMarketingSlide          : raw Text want36to45
2026-04-12T15:22:27.406-04:00  INFO 1096 --- [web] [http-nio-8081-exec-5] w.p.s.p.SixTargetMarketingSlide          :  cell data want46to55
2026-04-12T15:22:27.406-04:00  INFO 1096 --- [web] [http-nio-8081-exec-5] w.p.s.p.SixTargetMarketingSlide          : raw Text want46to55
2026-04-12T15:22:27.407-04:00  INFO 1096 --- [web] [http-nio-8081-exec-5] w.p.s.p.SixTargetMarketingSlide          :  cell data want55Plus
2026-04-12T15:22:27.407-04:00  INFO 1096 --- [web] [http-nio-8081-exec-5] w.p.s.p.SixTargetMarketingSlide          : raw Text want55Plus
